2016/02/25 20:54:25 [error] [exception.CHttpException.404] exception 'CHttpException' with message 'The requested page does not exist.' in D:\dalvarado\Dropbox\Proyecto PC_Geek\Sistema\pcgeek\protected\controllers\IncidentesController.php:190
Stack trace:
#0 D:\dalvarado\Dropbox\Proyecto PC_Geek\Sistema\pcgeek\protected\controllers\IncidentesController.php(50): IncidentesController->loadModel('')
#1 [internal function]: IncidentesController->actionView('')
#2 D:\dalvarado\Dropbox\Proyecto PC_Geek\Sistema\yii\framework\web\actions\CAction.php(108): ReflectionMethod->invokeArgs(Object(IncidentesController), Array)
#3 D:\dalvarado\Dropbox\Proyecto PC_Geek\Sistema\yii\framework\web\actions\CInlineAction.php(47): CAction->runWithParamsInternal(Object(IncidentesController), Object(ReflectionMethod), Array)
#4 D:\dalvarado\Dropbox\Proyecto PC_Geek\Sistema\yii\framework\web\CController.php(308): CInlineAction->runWithParams(Array)
#5 D:\dalvarado\Dropbox\Proyecto PC_Geek\Sistema\yii\framework\web\filters\CFilterChain.php(133): CController->runAction(Object(CInlineAction))
#6 D:\dalvarado\Dropbox\Proyecto PC_Geek\Sistema\yii\framework\web\filters\CFilter.php(40): CFilterChain->run()
#7 D:\dalvarado\Dropbox\Proyecto PC_Geek\Sistema\yii\framework\web\CController.php(1145): CFilter->filter(Object(CFilterChain))
#8 D:\dalvarado\Dropbox\Proyecto PC_Geek\Sistema\yii\framework\web\filters\CInlineFilter.php(58): CController->filterAccessControl(Object(CFilterChain))
#9 D:\dalvarado\Dropbox\Proyecto PC_Geek\Sistema\yii\framework\web\filters\CFilterChain.php(130): CInlineFilter->filter(Object(CFilterChain))
#10 D:\dalvarado\Dropbox\Proyecto PC_Geek\Sistema\yii\framework\web\CController.php(291): CFilterChain->run()
#11 D:\dalvarado\Dropbox\Proyecto PC_Geek\Sistema\yii\framework\web\CController.php(265): CController->runActionWithFilters(Object(CInlineAction), Array)
#12 D:\dalvarado\Dropbox\Proyecto PC_Geek\Sistema\yii\framework\web\CWebApplication.php(282): CController->run('view')
#13 D:\dalvarado\Dropbox\Proyecto PC_Geek\Sistema\yii\framework\web\CWebApplication.php(141): CWebApplication->runController('incidentes/view')
#14 D:\dalvarado\Dropbox\Proyecto PC_Geek\Sistema\yii\framework\base\CApplication.php(180): CWebApplication->processRequest()
#15 D:\dalvarado\Dropbox\Proyecto PC_Geek\Sistema\pcgeek\index.php(13): CApplication->run()
#16 {main}
REQUEST_URI=/pcgeek/pcgeek/index.php?r=incidentes/view&id=
HTTP_REFERER=http://localhost/pcgeek/pcgeek/index.php?r=incidentes/create
---
2016/02/25 20:57:38 [error] [exception.CHttpException.404] exception 'CHttpException' with message 'The requested page does not exist.' in D:\dalvarado\Dropbox\Proyecto PC_Geek\Sistema\pcgeek\protected\controllers\IncidentesController.php:190
Stack trace:
#0 D:\dalvarado\Dropbox\Proyecto PC_Geek\Sistema\pcgeek\protected\controllers\IncidentesController.php(50): IncidentesController->loadModel('')
#1 [internal function]: IncidentesController->actionView('')
#2 D:\dalvarado\Dropbox\Proyecto PC_Geek\Sistema\yii\framework\web\actions\CAction.php(108): ReflectionMethod->invokeArgs(Object(IncidentesController), Array)
#3 D:\dalvarado\Dropbox\Proyecto PC_Geek\Sistema\yii\framework\web\actions\CInlineAction.php(47): CAction->runWithParamsInternal(Object(IncidentesController), Object(ReflectionMethod), Array)
#4 D:\dalvarado\Dropbox\Proyecto PC_Geek\Sistema\yii\framework\web\CController.php(308): CInlineAction->runWithParams(Array)
#5 D:\dalvarado\Dropbox\Proyecto PC_Geek\Sistema\yii\framework\web\filters\CFilterChain.php(133): CController->runAction(Object(CInlineAction))
#6 D:\dalvarado\Dropbox\Proyecto PC_Geek\Sistema\yii\framework\web\filters\CFilter.php(40): CFilterChain->run()
#7 D:\dalvarado\Dropbox\Proyecto PC_Geek\Sistema\yii\framework\web\CController.php(1145): CFilter->filter(Object(CFilterChain))
#8 D:\dalvarado\Dropbox\Proyecto PC_Geek\Sistema\yii\framework\web\filters\CInlineFilter.php(58): CController->filterAccessControl(Object(CFilterChain))
#9 D:\dalvarado\Dropbox\Proyecto PC_Geek\Sistema\yii\framework\web\filters\CFilterChain.php(130): CInlineFilter->filter(Object(CFilterChain))
#10 D:\dalvarado\Dropbox\Proyecto PC_Geek\Sistema\yii\framework\web\CController.php(291): CFilterChain->run()
#11 D:\dalvarado\Dropbox\Proyecto PC_Geek\Sistema\yii\framework\web\CController.php(265): CController->runActionWithFilters(Object(CInlineAction), Array)
#12 D:\dalvarado\Dropbox\Proyecto PC_Geek\Sistema\yii\framework\web\CWebApplication.php(282): CController->run('view')
#13 D:\dalvarado\Dropbox\Proyecto PC_Geek\Sistema\yii\framework\web\CWebApplication.php(141): CWebApplication->runController('incidentes/view')
#14 D:\dalvarado\Dropbox\Proyecto PC_Geek\Sistema\yii\framework\base\CApplication.php(180): CWebApplication->processRequest()
#15 D:\dalvarado\Dropbox\Proyecto PC_Geek\Sistema\pcgeek\index.php(13): CApplication->run()
#16 {main}
REQUEST_URI=/pcgeek/pcgeek/index.php?r=incidentes/view&id=
HTTP_REFERER=http://localhost/pcgeek/pcgeek/index.php?r=incidentes/create
---
2016/02/25 21:10:38 [error] [exception.CHttpException.404] exception 'CHttpException' with message 'The requested page does not exist.' in D:\dalvarado\Dropbox\Proyecto PC_Geek\Sistema\pcgeek\protected\controllers\IncidentesController.php:194
Stack trace:
#0 D:\dalvarado\Dropbox\Proyecto PC_Geek\Sistema\pcgeek\protected\controllers\IncidentesController.php(50): IncidentesController->loadModel('')
#1 [internal function]: IncidentesController->actionView('')
#2 D:\dalvarado\Dropbox\Proyecto PC_Geek\Sistema\yii\framework\web\actions\CAction.php(108): ReflectionMethod->invokeArgs(Object(IncidentesController), Array)
#3 D:\dalvarado\Dropbox\Proyecto PC_Geek\Sistema\yii\framework\web\actions\CInlineAction.php(47): CAction->runWithParamsInternal(Object(IncidentesController), Object(ReflectionMethod), Array)
#4 D:\dalvarado\Dropbox\Proyecto PC_Geek\Sistema\yii\framework\web\CController.php(308): CInlineAction->runWithParams(Array)
#5 D:\dalvarado\Dropbox\Proyecto PC_Geek\Sistema\yii\framework\web\filters\CFilterChain.php(133): CController->runAction(Object(CInlineAction))
#6 D:\dalvarado\Dropbox\Proyecto PC_Geek\Sistema\yii\framework\web\filters\CFilter.php(40): CFilterChain->run()
#7 D:\dalvarado\Dropbox\Proyecto PC_Geek\Sistema\yii\framework\web\CController.php(1145): CFilter->filter(Object(CFilterChain))
#8 D:\dalvarado\Dropbox\Proyecto PC_Geek\Sistema\yii\framework\web\filters\CInlineFilter.php(58): CController->filterAccessControl(Object(CFilterChain))
#9 D:\dalvarado\Dropbox\Proyecto PC_Geek\Sistema\yii\framework\web\filters\CFilterChain.php(130): CInlineFilter->filter(Object(CFilterChain))
#10 D:\dalvarado\Dropbox\Proyecto PC_Geek\Sistema\yii\framework\web\CController.php(291): CFilterChain->run()
#11 D:\dalvarado\Dropbox\Proyecto PC_Geek\Sistema\yii\framework\web\CController.php(265): CController->runActionWithFilters(Object(CInlineAction), Array)
#12 D:\dalvarado\Dropbox\Proyecto PC_Geek\Sistema\yii\framework\web\CWebApplication.php(282): CController->run('view')
#13 D:\dalvarado\Dropbox\Proyecto PC_Geek\Sistema\yii\framework\web\CWebApplication.php(141): CWebApplication->runController('incidentes/view')
#14 D:\dalvarado\Dropbox\Proyecto PC_Geek\Sistema\yii\framework\base\CApplication.php(180): CWebApplication->processRequest()
#15 D:\dalvarado\Dropbox\Proyecto PC_Geek\Sistema\pcgeek\index.php(13): CApplication->run()
#16 {main}
REQUEST_URI=/pcgeek/pcgeek/index.php?r=incidentes/view&id=
HTTP_REFERER=http://localhost/pcgeek/pcgeek/index.php?r=incidentes/create
---
2016/02/25 22:20:01 [error] [exception.CHttpException.404] exception 'CHttpException' with message 'The requested page does not exist.' in D:\dalvarado\Dropbox\Proyecto PC_Geek\Sistema\pcgeek\protected\controllers\IncidentesController.php:194
Stack trace:
#0 D:\dalvarado\Dropbox\Proyecto PC_Geek\Sistema\pcgeek\protected\controllers\IncidentesController.php(50): IncidentesController->loadModel('')
#1 [internal function]: IncidentesController->actionView('')
#2 D:\dalvarado\Dropbox\Proyecto PC_Geek\Sistema\yii\framework\web\actions\CAction.php(108): ReflectionMethod->invokeArgs(Object(IncidentesController), Array)
#3 D:\dalvarado\Dropbox\Proyecto PC_Geek\Sistema\yii\framework\web\actions\CInlineAction.php(47): CAction->runWithParamsInternal(Object(IncidentesController), Object(ReflectionMethod), Array)
#4 D:\dalvarado\Dropbox\Proyecto PC_Geek\Sistema\yii\framework\web\CController.php(308): CInlineAction->runWithParams(Array)
#5 D:\dalvarado\Dropbox\Proyecto PC_Geek\Sistema\yii\framework\web\filters\CFilterChain.php(133): CController->runAction(Object(CInlineAction))
#6 D:\dalvarado\Dropbox\Proyecto PC_Geek\Sistema\yii\framework\web\filters\CFilter.php(40): CFilterChain->run()
#7 D:\dalvarado\Dropbox\Proyecto PC_Geek\Sistema\yii\framework\web\CController.php(1145): CFilter->filter(Object(CFilterChain))
#8 D:\dalvarado\Dropbox\Proyecto PC_Geek\Sistema\yii\framework\web\filters\CInlineFilter.php(58): CController->filterAccessControl(Object(CFilterChain))
#9 D:\dalvarado\Dropbox\Proyecto PC_Geek\Sistema\yii\framework\web\filters\CFilterChain.php(130): CInlineFilter->filter(Object(CFilterChain))
#10 D:\dalvarado\Dropbox\Proyecto PC_Geek\Sistema\yii\framework\web\CController.php(291): CFilterChain->run()
#11 D:\dalvarado\Dropbox\Proyecto PC_Geek\Sistema\yii\framework\web\CController.php(265): CController->runActionWithFilters(Object(CInlineAction), Array)
#12 D:\dalvarado\Dropbox\Proyecto PC_Geek\Sistema\yii\framework\web\CWebApplication.php(282): CController->run('view')
#13 D:\dalvarado\Dropbox\Proyecto PC_Geek\Sistema\yii\framework\web\CWebApplication.php(141): CWebApplication->runController('incidentes/view')
#14 D:\dalvarado\Dropbox\Proyecto PC_Geek\Sistema\yii\framework\base\CApplication.php(180): CWebApplication->processRequest()
#15 D:\dalvarado\Dropbox\Proyecto PC_Geek\Sistema\pcgeek\index.php(13): CApplication->run()
#16 {main}
REQUEST_URI=/pcgeek/pcgeek/index.php?r=incidentes/view&id=
HTTP_REFERER=http://localhost/pcgeek/pcgeek/index.php?r=incidentes/create
---
2016/02/25 23:23:03 [error] [exception.CException] exception 'CException' with message 'EWebUser and its behaviors do not have a method or closure named "M4".' in C:\Users\Felipe\Dropbox\Proyecto PC_Geek\Sistema\yii\framework\base\CComponent.php:266
Stack trace:
#0 C:\Users\Felipe\Dropbox\Proyecto PC_Geek\Sistema\yii\framework\base\CComponent.php(612) : eval()'d code(1): CComponent->__call('M4', Array)
#1 C:\Users\Felipe\Dropbox\Proyecto PC_Geek\Sistema\yii\framework\base\CComponent.php(612) : eval()'d code(1): EWebUser->M4()
#2 C:\Users\Felipe\Dropbox\Proyecto PC_Geek\Sistema\yii\framework\base\CComponent.php(612): eval()
#3 C:\Users\Felipe\Dropbox\Proyecto PC_Geek\Sistema\yii\framework\web\auth\CAccessControlFilter.php(392): CComponent->evaluateExpression('$user->M4() || ...', Array)
#4 C:\Users\Felipe\Dropbox\Proyecto PC_Geek\Sistema\yii\framework\web\auth\CAccessControlFilter.php(288): CAccessRule->isExpressionMatched(Object(EWebUser))
#5 C:\Users\Felipe\Dropbox\Proyecto PC_Geek\Sistema\yii\framework\web\auth\CAccessControlFilter.php(138): CAccessRule->isUserAllowed(Object(EWebUser), Object(IncidentesController), Object(CInlineAction), '::1', 'GET')
#6 C:\Users\Felipe\Dropbox\Proyecto PC_Geek\Sistema\yii\framework\web\filters\CFilter.php(38): CAccessControlFilter->preFilter(Object(CFilterChain))
#7 C:\Users\Felipe\Dropbox\Proyecto PC_Geek\Sistema\yii\framework\web\CController.php(1145): CFilter->filter(Object(CFilterChain))
#8 C:\Users\Felipe\Dropbox\Proyecto PC_Geek\Sistema\yii\framework\web\filters\CInlineFilter.php(58): CController->filterAccessControl(Object(CFilterChain))
#9 C:\Users\Felipe\Dropbox\Proyecto PC_Geek\Sistema\yii\framework\web\filters\CFilterChain.php(130): CInlineFilter->filter(Object(CFilterChain))
#10 C:\Users\Felipe\Dropbox\Proyecto PC_Geek\Sistema\yii\framework\web\CController.php(291): CFilterChain->run()
#11 C:\Users\Felipe\Dropbox\Proyecto PC_Geek\Sistema\yii\framework\web\CController.php(265): CController->runActionWithFilters(Object(CInlineAction), Array)
#12 C:\Users\Felipe\Dropbox\Proyecto PC_Geek\Sistema\yii\framework\web\CWebApplication.php(282): CController->run('')
#13 C:\Users\Felipe\Dropbox\Proyecto PC_Geek\Sistema\yii\framework\web\CWebApplication.php(141): CWebApplication->runController('incidentes')
#14 C:\Users\Felipe\Dropbox\Proyecto PC_Geek\Sistema\yii\framework\base\CApplication.php(180): CWebApplication->processRequest()
#15 C:\Users\Felipe\Dropbox\Proyecto PC_Geek\Sistema\pcgeek\index.php(13): CApplication->run()
#16 {main}
REQUEST_URI=/pcgeek/index.php?r=incidentes
---
2016/02/25 23:26:58 [error] [exception.CException] exception 'CException' with message 'Property "Incidentes.ID_CLIENTE" is not defined.' in C:\Users\Felipe\Dropbox\Proyecto PC_Geek\Sistema\yii\framework\base\CComponent.php:130
Stack trace:
#0 C:\Users\Felipe\Dropbox\Proyecto PC_Geek\Sistema\yii\framework\db\ar\CActiveRecord.php(145): CComponent->__get('ID_CLIENTE')
#1 C:\Users\Felipe\Dropbox\Proyecto PC_Geek\Sistema\yii\framework\web\helpers\CHtml.php(2529): CActiveRecord->__get('ID_CLIENTE')
#2 C:\Users\Felipe\Dropbox\Proyecto PC_Geek\Sistema\yii\framework\web\helpers\CHtml.php(1802): CHtml::resolveValue(Object(Incidentes), 'ID_CLIENTE')
#3 C:\Users\Felipe\Dropbox\Proyecto PC_Geek\Sistema\yii\framework\web\widgets\CActiveForm.php(847): CHtml::activeDropDownList(Object(Incidentes), 'ID_CLIENTE', Array, Array)
#4 C:\Users\Felipe\Dropbox\Proyecto PC_Geek\Sistema\pcgeek\protected\views\incidentes\_form.php(31): CActiveForm->dropDownList(Object(Incidentes), 'ID_CLIENTE', Array, Array)
#5 C:\Users\Felipe\Dropbox\Proyecto PC_Geek\Sistema\yii\framework\web\CBaseController.php(126): require('C:\\Users\\Felipe...')
#6 C:\Users\Felipe\Dropbox\Proyecto PC_Geek\Sistema\yii\framework\web\CBaseController.php(95): CBaseController->renderInternal('C:\\Users\\Felipe...', Array, true)
#7 C:\Users\Felipe\Dropbox\Proyecto PC_Geek\Sistema\yii\framework\web\CController.php(869): CBaseController->renderFile('C:\\Users\\Felipe...', Array, true)
#8 C:\Users\Felipe\Dropbox\Proyecto PC_Geek\Sistema\pcgeek\protected\views\incidentes\create.php(18): CController->renderPartial('_form', Array)
#9 C:\Users\Felipe\Dropbox\Proyecto PC_Geek\Sistema\yii\framework\web\CBaseController.php(126): require('C:\\Users\\Felipe...')
#10 C:\Users\Felipe\Dropbox\Proyecto PC_Geek\Sistema\yii\framework\web\CBaseController.php(95): CBaseController->renderInternal('C:\\Users\\Felipe...', Array, true)
#11 C:\Users\Felipe\Dropbox\Proyecto PC_Geek\Sistema\yii\framework\web\CController.php(869): CBaseController->renderFile('C:\\Users\\Felipe...', Array, true)
#12 C:\Users\Felipe\Dropbox\Proyecto PC_Geek\Sistema\yii\framework\web\CController.php(782): CController->renderPartial('create', Array, true)
#13 C:\Users\Felipe\Dropbox\Proyecto PC_Geek\Sistema\pcgeek\protected\controllers\IncidentesController.php(74): CController->render('create', Array)
#14 C:\Users\Felipe\Dropbox\Proyecto PC_Geek\Sistema\yii\framework\web\actions\CInlineAction.php(49): IncidentesController->actionCreate()
#15 C:\Users\Felipe\Dropbox\Proyecto PC_Geek\Sistema\yii\framework\web\CController.php(308): CInlineAction->runWithParams(Array)
#16 C:\Users\Felipe\Dropbox\Proyecto PC_Geek\Sistema\yii\framework\web\filters\CFilterChain.php(133): CController->runAction(Object(CInlineAction))
#17 C:\Users\Felipe\Dropbox\Proyecto PC_Geek\Sistema\yii\framework\web\filters\CFilter.php(40): CFilterChain->run()
#18 C:\Users\Felipe\Dropbox\Proyecto PC_Geek\Sistema\yii\framework\web\CController.php(1145): CFilter->filter(Object(CFilterChain))
#19 C:\Users\Felipe\Dropbox\Proyecto PC_Geek\Sistema\yii\framework\web\filters\CInlineFilter.php(58): CController->filterAccessControl(Object(CFilterChain))
#20 C:\Users\Felipe\Dropbox\Proyecto PC_Geek\Sistema\yii\framework\web\filters\CFilterChain.php(130): CInlineFilter->filter(Object(CFilterChain))
#21 C:\Users\Felipe\Dropbox\Proyecto PC_Geek\Sistema\yii\framework\web\CController.php(291): CFilterChain->run()
#22 C:\Users\Felipe\Dropbox\Proyecto PC_Geek\Sistema\yii\framework\web\CController.php(265): CController->runActionWithFilters(Object(CInlineAction), Array)
#23 C:\Users\Felipe\Dropbox\Proyecto PC_Geek\Sistema\yii\framework\web\CWebApplication.php(282): CController->run('create')
#24 C:\Users\Felipe\Dropbox\Proyecto PC_Geek\Sistema\yii\framework\web\CWebApplication.php(141): CWebApplication->runController('incidentes/crea...')
#25 C:\Users\Felipe\Dropbox\Proyecto PC_Geek\Sistema\yii\framework\base\CApplication.php(180): CWebApplication->processRequest()
#26 C:\Users\Felipe\Dropbox\Proyecto PC_Geek\Sistema\pcgeek\index.php(13): CApplication->run()
#27 {main}
REQUEST_URI=/pcgeek/index.php?r=incidentes/create
HTTP_REFERER=http://localhost/pcgeek/index.php?r=incidentes
---
2016/02/25 23:29:25 [warning] [application] Failed to set unsafe attribute "ID_CLIENTE" of "Incidentes".
in C:\Users\Felipe\Dropbox\Proyecto PC_Geek\Sistema\pcgeek\protected\controllers\IncidentesController.php (67)
in C:\Users\Felipe\Dropbox\Proyecto PC_Geek\Sistema\pcgeek\index.php (13)
2016/02/25 23:29:25 [warning] [application] Failed to set unsafe attribute "image" of "Incidentes".
in C:\Users\Felipe\Dropbox\Proyecto PC_Geek\Sistema\pcgeek\protected\controllers\IncidentesController.php (67)
in C:\Users\Felipe\Dropbox\Proyecto PC_Geek\Sistema\pcgeek\index.php (13)
2016/02/25 23:29:34 [error] [exception.CException] exception 'CException' with message 'Property "ViewRegistro.ID_SUCURSAL" is not defined.' in C:\Users\Felipe\Dropbox\Proyecto PC_Geek\Sistema\yii\framework\base\CComponent.php:130
Stack trace:
#0 C:\Users\Felipe\Dropbox\Proyecto PC_Geek\Sistema\yii\framework\db\ar\CActiveRecord.php(145): CComponent->__get('ID_SUCURSAL')
#1 C:\Users\Felipe\Dropbox\Proyecto PC_Geek\Sistema\yii\framework\web\helpers\CHtml.php(2529): CActiveRecord->__get('ID_SUCURSAL')
#2 C:\Users\Felipe\Dropbox\Proyecto PC_Geek\Sistema\yii\framework\web\helpers\CHtml.php(2252): CHtml::resolveValue(Object(ViewRegistro), 'ID_SUCURSAL')
#3 C:\Users\Felipe\Dropbox\Proyecto PC_Geek\Sistema\yii\framework\web\helpers\CHtml.php(1434): CHtml::activeInputField('text', Object(ViewRegistro), 'ID_SUCURSAL', Array)
#4 C:\Users\Felipe\Dropbox\Proyecto PC_Geek\Sistema\yii\framework\web\widgets\CActiveForm.php(725): CHtml::activeTextField(Object(ViewRegistro), 'ID_SUCURSAL', Array)
#5 C:\Users\Felipe\Dropbox\Proyecto PC_Geek\Sistema\pcgeek\protected\views\incidentes\_search.php(21): CActiveForm->textField(Object(ViewRegistro), 'ID_SUCURSAL')
#6 C:\Users\Felipe\Dropbox\Proyecto PC_Geek\Sistema\yii\framework\web\CBaseController.php(126): require('C:\\Users\\Felipe...')
#7 C:\Users\Felipe\Dropbox\Proyecto PC_Geek\Sistema\yii\framework\web\CBaseController.php(95): CBaseController->renderInternal('C:\\Users\\Felipe...', Array, true)
#8 C:\Users\Felipe\Dropbox\Proyecto PC_Geek\Sistema\yii\framework\web\CController.php(869): CBaseController->renderFile('C:\\Users\\Felipe...', Array, true)
#9 C:\Users\Felipe\Dropbox\Proyecto PC_Geek\Sistema\pcgeek\protected\views\incidentes\admin.php(41): CController->renderPartial('_search', Array)
#10 C:\Users\Felipe\Dropbox\Proyecto PC_Geek\Sistema\yii\framework\web\CBaseController.php(126): require('C:\\Users\\Felipe...')
#11 C:\Users\Felipe\Dropbox\Proyecto PC_Geek\Sistema\yii\framework\web\CBaseController.php(95): CBaseController->renderInternal('C:\\Users\\Felipe...', Array, true)
#12 C:\Users\Felipe\Dropbox\Proyecto PC_Geek\Sistema\yii\framework\web\CController.php(869): CBaseController->renderFile('C:\\Users\\Felipe...', Array, true)
#13 C:\Users\Felipe\Dropbox\Proyecto PC_Geek\Sistema\yii\framework\web\CController.php(782): CController->renderPartial('admin', Array, true)
#14 C:\Users\Felipe\Dropbox\Proyecto PC_Geek\Sistema\pcgeek\protected\controllers\IncidentesController.php(176): CController->render('admin', Array)
#15 C:\Users\Felipe\Dropbox\Proyecto PC_Geek\Sistema\yii\framework\web\actions\CInlineAction.php(49): IncidentesController->actionAdmin()
#16 C:\Users\Felipe\Dropbox\Proyecto PC_Geek\Sistema\yii\framework\web\CController.php(308): CInlineAction->runWithParams(Array)
#17 C:\Users\Felipe\Dropbox\Proyecto PC_Geek\Sistema\yii\framework\web\filters\CFilterChain.php(133): CController->runAction(Object(CInlineAction))
#18 C:\Users\Felipe\Dropbox\Proyecto PC_Geek\Sistema\yii\framework\web\filters\CFilter.php(40): CFilterChain->run()
#19 C:\Users\Felipe\Dropbox\Proyecto PC_Geek\Sistema\yii\framework\web\CController.php(1145): CFilter->filter(Object(CFilterChain))
#20 C:\Users\Felipe\Dropbox\Proyecto PC_Geek\Sistema\yii\framework\web\filters\CInlineFilter.php(58): CController->filterAccessControl(Object(CFilterChain))
#21 C:\Users\Felipe\Dropbox\Proyecto PC_Geek\Sistema\yii\framework\web\filters\CFilterChain.php(130): CInlineFilter->filter(Object(CFilterChain))
#22 C:\Users\Felipe\Dropbox\Proyecto PC_Geek\Sistema\yii\framework\web\CController.php(291): CFilterChain->run()
#23 C:\Users\Felipe\Dropbox\Proyecto PC_Geek\Sistema\yii\framework\web\CController.php(265): CController->runActionWithFilters(Object(CInlineAction), Array)
#24 C:\Users\Felipe\Dropbox\Proyecto PC_Geek\Sistema\yii\framework\web\CWebApplication.php(282): CController->run('admin')
#25 C:\Users\Felipe\Dropbox\Proyecto PC_Geek\Sistema\yii\framework\web\CWebApplication.php(141): CWebApplication->runController('incidentes/admi...')
#26 C:\Users\Felipe\Dropbox\Proyecto PC_Geek\Sistema\yii\framework\base\CApplication.php(180): CWebApplication->processRequest()
#27 C:\Users\Felipe\Dropbox\Proyecto PC_Geek\Sistema\pcgeek\index.php(13): CApplication->run()
#28 {main}
REQUEST_URI=/pcgeek/index.php?r=incidentes/admin
HTTP_REFERER=http://localhost/pcgeek/index.php?r=incidentes/view&id=50
---
2016/02/25 23:29:44 [error] [exception.CException] exception 'CException' with message 'Property "ViewRegistro.ID_SUCURSAL" is not defined.' in C:\Users\Felipe\Dropbox\Proyecto PC_Geek\Sistema\yii\framework\base\CComponent.php:130
Stack trace:
#0 C:\Users\Felipe\Dropbox\Proyecto PC_Geek\Sistema\yii\framework\db\ar\CActiveRecord.php(145): CComponent->__get('ID_SUCURSAL')
#1 C:\Users\Felipe\Dropbox\Proyecto PC_Geek\Sistema\yii\framework\web\helpers\CHtml.php(2529): CActiveRecord->__get('ID_SUCURSAL')
#2 C:\Users\Felipe\Dropbox\Proyecto PC_Geek\Sistema\yii\framework\web\helpers\CHtml.php(2252): CHtml::resolveValue(Object(ViewRegistro), 'ID_SUCURSAL')
#3 C:\Users\Felipe\Dropbox\Proyecto PC_Geek\Sistema\yii\framework\web\helpers\CHtml.php(1434): CHtml::activeInputField('text', Object(ViewRegistro), 'ID_SUCURSAL', Array)
#4 C:\Users\Felipe\Dropbox\Proyecto PC_Geek\Sistema\yii\framework\web\widgets\CActiveForm.php(725): CHtml::activeTextField(Object(ViewRegistro), 'ID_SUCURSAL', Array)
#5 C:\Users\Felipe\Dropbox\Proyecto PC_Geek\Sistema\pcgeek\protected\views\incidentes\_search.php(21): CActiveForm->textField(Object(ViewRegistro), 'ID_SUCURSAL')
#6 C:\Users\Felipe\Dropbox\Proyecto PC_Geek\Sistema\yii\framework\web\CBaseController.php(126): require('C:\\Users\\Felipe...')
#7 C:\Users\Felipe\Dropbox\Proyecto PC_Geek\Sistema\yii\framework\web\CBaseController.php(95): CBaseController->renderInternal('C:\\Users\\Felipe...', Array, true)
#8 C:\Users\Felipe\Dropbox\Proyecto PC_Geek\Sistema\yii\framework\web\CController.php(869): CBaseController->renderFile('C:\\Users\\Felipe...', Array, true)
#9 C:\Users\Felipe\Dropbox\Proyecto PC_Geek\Sistema\pcgeek\protected\views\incidentes\admin.php(41): CController->renderPartial('_search', Array)
#10 C:\Users\Felipe\Dropbox\Proyecto PC_Geek\Sistema\yii\framework\web\CBaseController.php(126): require('C:\\Users\\Felipe...')
#11 C:\Users\Felipe\Dropbox\Proyecto PC_Geek\Sistema\yii\framework\web\CBaseController.php(95): CBaseController->renderInternal('C:\\Users\\Felipe...', Array, true)
#12 C:\Users\Felipe\Dropbox\Proyecto PC_Geek\Sistema\yii\framework\web\CController.php(869): CBaseController->renderFile('C:\\Users\\Felipe...', Array, true)
#13 C:\Users\Felipe\Dropbox\Proyecto PC_Geek\Sistema\yii\framework\web\CController.php(782): CController->renderPartial('admin', Array, true)
#14 C:\Users\Felipe\Dropbox\Proyecto PC_Geek\Sistema\pcgeek\protected\controllers\IncidentesController.php(176): CController->render('admin', Array)
#15 C:\Users\Felipe\Dropbox\Proyecto PC_Geek\Sistema\yii\framework\web\actions\CInlineAction.php(49): IncidentesController->actionAdmin()
#16 C:\Users\Felipe\Dropbox\Proyecto PC_Geek\Sistema\yii\framework\web\CController.php(308): CInlineAction->runWithParams(Array)
#17 C:\Users\Felipe\Dropbox\Proyecto PC_Geek\Sistema\yii\framework\web\filters\CFilterChain.php(133): CController->runAction(Object(CInlineAction))
#18 C:\Users\Felipe\Dropbox\Proyecto PC_Geek\Sistema\yii\framework\web\filters\CFilter.php(40): CFilterChain->run()
#19 C:\Users\Felipe\Dropbox\Proyecto PC_Geek\Sistema\yii\framework\web\CController.php(1145): CFilter->filter(Object(CFilterChain))
#20 C:\Users\Felipe\Dropbox\Proyecto PC_Geek\Sistema\yii\framework\web\filters\CInlineFilter.php(58): CController->filterAccessControl(Object(CFilterChain))
#21 C:\Users\Felipe\Dropbox\Proyecto PC_Geek\Sistema\yii\framework\web\filters\CFilterChain.php(130): CInlineFilter->filter(Object(CFilterChain))
#22 C:\Users\Felipe\Dropbox\Proyecto PC_Geek\Sistema\yii\framework\web\CController.php(291): CFilterChain->run()
#23 C:\Users\Felipe\Dropbox\Proyecto PC_Geek\Sistema\yii\framework\web\CController.php(265): CController->runActionWithFilters(Object(CInlineAction), Array)
#24 C:\Users\Felipe\Dropbox\Proyecto PC_Geek\Sistema\yii\framework\web\CWebApplication.php(282): CController->run('admin')
#25 C:\Users\Felipe\Dropbox\Proyecto PC_Geek\Sistema\yii\framework\web\CWebApplication.php(141): CWebApplication->runController('incidentes/admi...')
#26 C:\Users\Felipe\Dropbox\Proyecto PC_Geek\Sistema\yii\framework\base\CApplication.php(180): CWebApplication->processRequest()
#27 C:\Users\Felipe\Dropbox\Proyecto PC_Geek\Sistema\pcgeek\index.php(13): CApplication->run()
#28 {main}
REQUEST_URI=/pcgeek/index.php?r=incidentes/admin
HTTP_REFERER=http://localhost/pcgeek/index.php?r=incidentes/view&id=50
---
2016/02/25 23:33:58 [error] [exception.CException] exception 'CException' with message 'Property "CGridView.0" is not defined.' in C:\Users\Felipe\Dropbox\Proyecto PC_Geek\Sistema\yii\framework\base\CComponent.php:173
Stack trace:
#0 C:\Users\Felipe\Dropbox\Proyecto PC_Geek\Sistema\yii\framework\web\CWidgetFactory.php(161): CComponent->__set('0', 'ID_INCIDENTE')
#1 C:\Users\Felipe\Dropbox\Proyecto PC_Geek\Sistema\yii\framework\web\CBaseController.php(146): CWidgetFactory->createWidget(Object(IncidentesController), 'zii.widgets.gri...', Array)
#2 C:\Users\Felipe\Dropbox\Proyecto PC_Geek\Sistema\yii\framework\web\CBaseController.php(172): CBaseController->createWidget('zii.widgets.gri...', Array)
#3 C:\Users\Felipe\Dropbox\Proyecto PC_Geek\Sistema\pcgeek\protected\views\incidentes\admin.php(88): CBaseController->widget('zii.widgets.gri...', Array)
#4 C:\Users\Felipe\Dropbox\Proyecto PC_Geek\Sistema\yii\framework\web\CBaseController.php(126): require('C:\\Users\\Felipe...')
#5 C:\Users\Felipe\Dropbox\Proyecto PC_Geek\Sistema\yii\framework\web\CBaseController.php(95): CBaseController->renderInternal('C:\\Users\\Felipe...', Array, true)
#6 C:\Users\Felipe\Dropbox\Proyecto PC_Geek\Sistema\yii\framework\web\CController.php(869): CBaseController->renderFile('C:\\Users\\Felipe...', Array, true)
#7 C:\Users\Felipe\Dropbox\Proyecto PC_Geek\Sistema\yii\framework\web\CController.php(782): CController->renderPartial('admin', Array, true)
#8 C:\Users\Felipe\Dropbox\Proyecto PC_Geek\Sistema\pcgeek\protected\controllers\IncidentesController.php(176): CController->render('admin', Array)
#9 C:\Users\Felipe\Dropbox\Proyecto PC_Geek\Sistema\yii\framework\web\actions\CInlineAction.php(49): IncidentesController->actionAdmin()
#10 C:\Users\Felipe\Dropbox\Proyecto PC_Geek\Sistema\yii\framework\web\CController.php(308): CInlineAction->runWithParams(Array)
#11 C:\Users\Felipe\Dropbox\Proyecto PC_Geek\Sistema\yii\framework\web\filters\CFilterChain.php(133): CController->runAction(Object(CInlineAction))
#12 C:\Users\Felipe\Dropbox\Proyecto PC_Geek\Sistema\yii\framework\web\filters\CFilter.php(40): CFilterChain->run()
#13 C:\Users\Felipe\Dropbox\Proyecto PC_Geek\Sistema\yii\framework\web\CController.php(1145): CFilter->filter(Object(CFilterChain))
#14 C:\Users\Felipe\Dropbox\Proyecto PC_Geek\Sistema\yii\framework\web\filters\CInlineFilter.php(58): CController->filterAccessControl(Object(CFilterChain))
#15 C:\Users\Felipe\Dropbox\Proyecto PC_Geek\Sistema\yii\framework\web\filters\CFilterChain.php(130): CInlineFilter->filter(Object(CFilterChain))
#16 C:\Users\Felipe\Dropbox\Proyecto PC_Geek\Sistema\yii\framework\web\CController.php(291): CFilterChain->run()
#17 C:\Users\Felipe\Dropbox\Proyecto PC_Geek\Sistema\yii\framework\web\CController.php(265): CController->runActionWithFilters(Object(CInlineAction), Array)
#18 C:\Users\Felipe\Dropbox\Proyecto PC_Geek\Sistema\yii\framework\web\CWebApplication.php(282): CController->run('admin')
#19 C:\Users\Felipe\Dropbox\Proyecto PC_Geek\Sistema\yii\framework\web\CWebApplication.php(141): CWebApplication->runController('incidentes/admi...')
#20 C:\Users\Felipe\Dropbox\Proyecto PC_Geek\Sistema\yii\framework\base\CApplication.php(180): CWebApplication->processRequest()
#21 C:\Users\Felipe\Dropbox\Proyecto PC_Geek\Sistema\pcgeek\index.php(13): CApplication->run()
#22 {main}
REQUEST_URI=/pcgeek/index.php?r=incidentes/admin
HTTP_REFERER=http://localhost/pcgeek/index.php?r=incidentes/view&id=50
---
2016/02/25 23:36:30 [warning] [application] Failed to set unsafe attribute "ID_CLIENTE" of "Incidentes".
in C:\Users\Felipe\Dropbox\Proyecto PC_Geek\Sistema\pcgeek\protected\controllers\IncidentesController.php (67)
in C:\Users\Felipe\Dropbox\Proyecto PC_Geek\Sistema\pcgeek\index.php (13)
2016/02/25 23:36:30 [warning] [application] Failed to set unsafe attribute "image" of "Incidentes".
in C:\Users\Felipe\Dropbox\Proyecto PC_Geek\Sistema\pcgeek\protected\controllers\IncidentesController.php (67)
in C:\Users\Felipe\Dropbox\Proyecto PC_Geek\Sistema\pcgeek\index.php (13)
2016/02/25 22:38:29 [warning] [application] Failed to set unsafe attribute "ID_CLIENTE" of "Incidentes".
in D:\dalvarado\Dropbox\Proyecto PC_Geek\Sistema\pcgeek\protected\controllers\IncidentesController.php (67)
in D:\dalvarado\Dropbox\Proyecto PC_Geek\Sistema\pcgeek\index.php (13)
2016/02/25 22:38:29 [warning] [application] Failed to set unsafe attribute "image" of "Incidentes".
in D:\dalvarado\Dropbox\Proyecto PC_Geek\Sistema\pcgeek\protected\controllers\IncidentesController.php (67)
in D:\dalvarado\Dropbox\Proyecto PC_Geek\Sistema\pcgeek\index.php (13)
2016/02/26 15:05:49 [warning] [application] Failed to set unsafe attribute "ID_CLIENTE" of "Incidentes".
in C:\Users\Felipe\Dropbox\Proyecto PC_Geek\Sistema\pcgeek\protected\controllers\IncidentesController.php (67)
in C:\Users\Felipe\Dropbox\Proyecto PC_Geek\Sistema\pcgeek\index.php (13)
2016/02/26 15:05:49 [warning] [application] Failed to set unsafe attribute "image" of "Incidentes".
in C:\Users\Felipe\Dropbox\Proyecto PC_Geek\Sistema\pcgeek\protected\controllers\IncidentesController.php (67)
in C:\Users\Felipe\Dropbox\Proyecto PC_Geek\Sistema\pcgeek\index.php (13)
2016/02/26 15:06:48 [warning] [application] Failed to set unsafe attribute "ID_CLIENTE" of "Incidentes".
in C:\Users\Felipe\Dropbox\Proyecto PC_Geek\Sistema\pcgeek\protected\controllers\IncidentesController.php (67)
in C:\Users\Felipe\Dropbox\Proyecto PC_Geek\Sistema\pcgeek\index.php (13)
2016/02/26 15:06:48 [warning] [application] Failed to set unsafe attribute "image" of "Incidentes".
in C:\Users\Felipe\Dropbox\Proyecto PC_Geek\Sistema\pcgeek\protected\controllers\IncidentesController.php (67)
in C:\Users\Felipe\Dropbox\Proyecto PC_Geek\Sistema\pcgeek\index.php (13)
2016/02/26 15:07:10 [warning] [application] Failed to set unsafe attribute "ID_CLIENTE" of "Incidentes".
in C:\Users\Felipe\Dropbox\Proyecto PC_Geek\Sistema\pcgeek\protected\controllers\IncidentesController.php (67)
in C:\Users\Felipe\Dropbox\Proyecto PC_Geek\Sistema\pcgeek\index.php (13)
2016/02/26 15:07:10 [warning] [application] Failed to set unsafe attribute "image" of "Incidentes".
in C:\Users\Felipe\Dropbox\Proyecto PC_Geek\Sistema\pcgeek\protected\controllers\IncidentesController.php (67)
in C:\Users\Felipe\Dropbox\Proyecto PC_Geek\Sistema\pcgeek\index.php (13)
2016/02/26 15:07:23 [warning] [application] Failed to set unsafe attribute "ID_CLIENTE" of "Incidentes".
in C:\Users\Felipe\Dropbox\Proyecto PC_Geek\Sistema\pcgeek\protected\controllers\IncidentesController.php (67)
in C:\Users\Felipe\Dropbox\Proyecto PC_Geek\Sistema\pcgeek\index.php (13)
2016/02/26 15:07:23 [warning] [application] Failed to set unsafe attribute "image" of "Incidentes".
in C:\Users\Felipe\Dropbox\Proyecto PC_Geek\Sistema\pcgeek\protected\controllers\IncidentesController.php (67)
in C:\Users\Felipe\Dropbox\Proyecto PC_Geek\Sistema\pcgeek\index.php (13)
2016/02/26 15:08:07 [warning] [application] Failed to set unsafe attribute "ID_CLIENTE" of "Incidentes".
in C:\Users\Felipe\Dropbox\Proyecto PC_Geek\Sistema\pcgeek\protected\controllers\IncidentesController.php (67)
in C:\Users\Felipe\Dropbox\Proyecto PC_Geek\Sistema\pcgeek\index.php (13)
2016/02/26 15:08:07 [warning] [application] Failed to set unsafe attribute "image" of "Incidentes".
in C:\Users\Felipe\Dropbox\Proyecto PC_Geek\Sistema\pcgeek\protected\controllers\IncidentesController.php (67)
in C:\Users\Felipe\Dropbox\Proyecto PC_Geek\Sistema\pcgeek\index.php (13)
2016/02/26 15:18:39 [error] [exception.CException] exception 'CException' with message 'Property "ViewRegistro.tIPOINCIDENTE" is not defined.' in C:\Users\Felipe\Dropbox\Proyecto PC_Geek\Sistema\yii\framework\base\CComponent.php:130
Stack trace:
#0 C:\Users\Felipe\Dropbox\Proyecto PC_Geek\Sistema\yii\framework\db\ar\CActiveRecord.php(145): CComponent->__get('tIPOINCIDENTE')
#1 C:\Users\Felipe\Dropbox\Proyecto PC_Geek\Sistema\yii\framework\base\CComponent.php(612) : eval()'d code(1): CActiveRecord->__get('tIPOINCIDENTE')
#2 C:\Users\Felipe\Dropbox\Proyecto PC_Geek\Sistema\yii\framework\base\CComponent.php(612): eval()
#3 C:\Users\Felipe\Dropbox\Proyecto PC_Geek\Sistema\yii\framework\zii\widgets\grid\CDataColumn.php(137): CComponent->evaluateExpression('$data->tIPOINCI...', Array)
#4 C:\Users\Felipe\Dropbox\Proyecto PC_Geek\Sistema\yii\framework\zii\widgets\grid\CGridColumn.php(151): CDataColumn->renderDataCellContent(0, Object(ViewRegistro))
#5 C:\Users\Felipe\Dropbox\Proyecto PC_Geek\Sistema\yii\framework\zii\widgets\grid\CGridView.php(616): CGridColumn->renderDataCell(0)
#6 C:\Users\Felipe\Dropbox\Proyecto PC_Geek\Sistema\yii\framework\zii\widgets\grid\CGridView.php(572): CGridView->renderTableRow(0)
#7 C:\Users\Felipe\Dropbox\Proyecto PC_Geek\Sistema\yii\framework\zii\widgets\grid\CGridView.php(482): CGridView->renderTableBody()
#8 C:\Users\Felipe\Dropbox\Proyecto PC_Geek\Sistema\yii\framework\zii\widgets\CBaseListView.php(167): CGridView->renderItems()
#9 [internal function]: CBaseListView->renderSection(Array)
#10 C:\Users\Felipe\Dropbox\Proyecto PC_Geek\Sistema\yii\framework\zii\widgets\CBaseListView.php(150): preg_replace_callback('/{(\\w+)}/', Array, '{summary}\n{item...')
#11 C:\Users\Felipe\Dropbox\Proyecto PC_Geek\Sistema\yii\framework\zii\widgets\CBaseListView.php(135): CBaseListView->renderContent()
#12 C:\Users\Felipe\Dropbox\Proyecto PC_Geek\Sistema\yii\framework\web\CBaseController.php(173): CBaseListView->run()
#13 C:\Users\Felipe\Dropbox\Proyecto PC_Geek\Sistema\pcgeek\protected\views\incidentes\admin.php(100): CBaseController->widget('zii.widgets.gri...', Array)
#14 C:\Users\Felipe\Dropbox\Proyecto PC_Geek\Sistema\yii\framework\web\CBaseController.php(126): require('C:\\Users\\Felipe...')
#15 C:\Users\Felipe\Dropbox\Proyecto PC_Geek\Sistema\yii\framework\web\CBaseController.php(95): CBaseController->renderInternal('C:\\Users\\Felipe...', Array, true)
#16 C:\Users\Felipe\Dropbox\Proyecto PC_Geek\Sistema\yii\framework\web\CController.php(869): CBaseController->renderFile('C:\\Users\\Felipe...', Array, true)
#17 C:\Users\Felipe\Dropbox\Proyecto PC_Geek\Sistema\yii\framework\web\CController.php(782): CController->renderPartial('admin', Array, true)
#18 C:\Users\Felipe\Dropbox\Proyecto PC_Geek\Sistema\pcgeek\protected\controllers\IncidentesController.php(176): CController->render('admin', Array)
#19 C:\Users\Felipe\Dropbox\Proyecto PC_Geek\Sistema\yii\framework\web\actions\CInlineAction.php(49): IncidentesController->actionAdmin()
#20 C:\Users\Felipe\Dropbox\Proyecto PC_Geek\Sistema\yii\framework\web\CController.php(308): CInlineAction->runWithParams(Array)
#21 C:\Users\Felipe\Dropbox\Proyecto PC_Geek\Sistema\yii\framework\web\filters\CFilterChain.php(133): CController->runAction(Object(CInlineAction))
#22 C:\Users\Felipe\Dropbox\Proyecto PC_Geek\Sistema\yii\framework\web\filters\CFilter.php(40): CFilterChain->run()
#23 C:\Users\Felipe\Dropbox\Proyecto PC_Geek\Sistema\yii\framework\web\CController.php(1145): CFilter->filter(Object(CFilterChain))
#24 C:\Users\Felipe\Dropbox\Proyecto PC_Geek\Sistema\yii\framework\web\filters\CInlineFilter.php(58): CController->filterAccessControl(Object(CFilterChain))
#25 C:\Users\Felipe\Dropbox\Proyecto PC_Geek\Sistema\yii\framework\web\filters\CFilterChain.php(130): CInlineFilter->filter(Object(CFilterChain))
#26 C:\Users\Felipe\Dropbox\Proyecto PC_Geek\Sistema\yii\framework\web\CController.php(291): CFilterChain->run()
#27 C:\Users\Felipe\Dropbox\Proyecto PC_Geek\Sistema\yii\framework\web\CController.php(265): CController->runActionWithFilters(Object(CInlineAction), Array)
#28 C:\Users\Felipe\Dropbox\Proyecto PC_Geek\Sistema\yii\framework\web\CWebApplication.php(282): CController->run('admin')
#29 C:\Users\Felipe\Dropbox\Proyecto PC_Geek\Sistema\yii\framework\web\CWebApplication.php(141): CWebApplication->runController('incidentes/admi...')
#30 C:\Users\Felipe\Dropbox\Proyecto PC_Geek\Sistema\yii\framework\base\CApplication.php(180): CWebApplication->processRequest()
#31 C:\Users\Felipe\Dropbox\Proyecto PC_Geek\Sistema\pcgeek\index.php(13): CApplication->run()
#32 {main}
REQUEST_URI=/pcgeek/index.php?r=incidentes/admin
HTTP_REFERER=http://localhost/pcgeek/index.php?r=incidentes/view&id=54
---
2016/02/26 15:20:18 [error] [php] Invalid argument supplied for foreach() (C:\Users\Felipe\Dropbox\Proyecto PC_Geek\Sistema\yii\framework\db\ar\CActiveFinder.php:466)
Stack trace:
#0 C:\Users\Felipe\Dropbox\Proyecto PC_Geek\Sistema\yii\framework\db\ar\CActiveRecord.php(143): ViewRegistro->getRelated()
#1 C:\Users\Felipe\Dropbox\Proyecto PC_Geek\Sistema\yii\framework\base\CComponent.php(612) : eval()'d code(1): ViewRegistro->__get()
#2 C:\Users\Felipe\Dropbox\Proyecto PC_Geek\Sistema\yii\framework\base\CComponent.php(612): eval()
#3 C:\Users\Felipe\Dropbox\Proyecto PC_Geek\Sistema\yii\framework\zii\widgets\grid\CDataColumn.php(137): CDataColumn->evaluateExpression()
#4 C:\Users\Felipe\Dropbox\Proyecto PC_Geek\Sistema\yii\framework\zii\widgets\grid\CGridColumn.php(151): CDataColumn->renderDataCellContent()
#5 C:\Users\Felipe\Dropbox\Proyecto PC_Geek\Sistema\yii\framework\zii\widgets\grid\CGridView.php(616): CDataColumn->renderDataCell()
#6 C:\Users\Felipe\Dropbox\Proyecto PC_Geek\Sistema\yii\framework\zii\widgets\grid\CGridView.php(572): CGridView->renderTableRow()
#7 C:\Users\Felipe\Dropbox\Proyecto PC_Geek\Sistema\yii\framework\zii\widgets\grid\CGridView.php(482): CGridView->renderTableBody()
#8 C:\Users\Felipe\Dropbox\Proyecto PC_Geek\Sistema\yii\framework\zii\widgets\CBaseListView.php(167): CGridView->renderItems()
#9 unknown(0): CGridView->renderSection()
#10 C:\Users\Felipe\Dropbox\Proyecto PC_Geek\Sistema\yii\framework\zii\widgets\CBaseListView.php(150): preg_replace_callback()
#11 C:\Users\Felipe\Dropbox\Proyecto PC_Geek\Sistema\yii\framework\zii\widgets\CBaseListView.php(135): CGridView->renderContent()
#12 C:\Users\Felipe\Dropbox\Proyecto PC_Geek\Sistema\yii\framework\web\CBaseController.php(173): CGridView->run()
#13 C:\Users\Felipe\Dropbox\Proyecto PC_Geek\Sistema\pcgeek\protected\views\incidentes\admin.php(100): IncidentesController->widget()
#14 C:\Users\Felipe\Dropbox\Proyecto PC_Geek\Sistema\yii\framework\web\CBaseController.php(126): require()
#15 C:\Users\Felipe\Dropbox\Proyecto PC_Geek\Sistema\yii\framework\web\CBaseController.php(95): IncidentesController->renderInternal()
#16 C:\Users\Felipe\Dropbox\Proyecto PC_Geek\Sistema\yii\framework\web\CController.php(869): IncidentesController->renderFile()
#17 C:\Users\Felipe\Dropbox\Proyecto PC_Geek\Sistema\yii\framework\web\CController.php(782): IncidentesController->renderPartial()
#18 C:\Users\Felipe\Dropbox\Proyecto PC_Geek\Sistema\pcgeek\protected\controllers\IncidentesController.php(176): IncidentesController->render()
#19 C:\Users\Felipe\Dropbox\Proyecto PC_Geek\Sistema\yii\framework\web\actions\CInlineAction.php(49): IncidentesController->actionAdmin()
#20 C:\Users\Felipe\Dropbox\Proyecto PC_Geek\Sistema\yii\framework\web\CController.php(308): CInlineAction->runWithParams()
#21 C:\Users\Felipe\Dropbox\Proyecto PC_Geek\Sistema\yii\framework\web\filters\CFilterChain.php(133): IncidentesController->runAction()
#22 C:\Users\Felipe\Dropbox\Proyecto PC_Geek\Sistema\yii\framework\web\filters\CFilter.php(40): CFilterChain->run()
#23 C:\Users\Felipe\Dropbox\Proyecto PC_Geek\Sistema\yii\framework\web\CController.php(1145): CAccessControlFilter->filter()
#24 C:\Users\Felipe\Dropbox\Proyecto PC_Geek\Sistema\yii\framework\web\filters\CInlineFilter.php(58): IncidentesController->filterAccessControl()
#25 C:\Users\Felipe\Dropbox\Proyecto PC_Geek\Sistema\yii\framework\web\filters\CFilterChain.php(130): CInlineFilter->filter()
#26 C:\Users\Felipe\Dropbox\Proyecto PC_Geek\Sistema\yii\framework\web\CController.php(291): CFilterChain->run()
#27 C:\Users\Felipe\Dropbox\Proyecto PC_Geek\Sistema\yii\framework\web\CController.php(265): IncidentesController->runActionWithFilters()
#28 C:\Users\Felipe\Dropbox\Proyecto PC_Geek\Sistema\yii\framework\web\CWebApplication.php(282): IncidentesController->run()
#29 C:\Users\Felipe\Dropbox\Proyecto PC_Geek\Sistema\yii\framework\web\CWebApplication.php(141): CWebApplication->runController()
#30 C:\Users\Felipe\Dropbox\Proyecto PC_Geek\Sistema\yii\framework\base\CApplication.php(180): CWebApplication->processRequest()
#31 C:\Users\Felipe\Dropbox\Proyecto PC_Geek\Sistema\pcgeek\index.php(13): CWebApplication->run()
REQUEST_URI=/pcgeek/index.php?r=incidentes/admin
in C:\Users\Felipe\Dropbox\Proyecto PC_Geek\Sistema\pcgeek\protected\views\incidentes\admin.php (100)
in C:\Users\Felipe\Dropbox\Proyecto PC_Geek\Sistema\pcgeek\protected\controllers\IncidentesController.php (176)
in C:\Users\Felipe\Dropbox\Proyecto PC_Geek\Sistema\pcgeek\index.php (13)
2016/02/26 15:22:26 [error] [php] Invalid argument supplied for foreach() (C:\Users\Felipe\Dropbox\Proyecto PC_Geek\Sistema\yii\framework\db\ar\CActiveFinder.php:466)
Stack trace:
#0 C:\Users\Felipe\Dropbox\Proyecto PC_Geek\Sistema\yii\framework\db\ar\CActiveRecord.php(143): ViewRegistro->getRelated()
#1 C:\Users\Felipe\Dropbox\Proyecto PC_Geek\Sistema\yii\framework\base\CComponent.php(612) : eval()'d code(1): ViewRegistro->__get()
#2 C:\Users\Felipe\Dropbox\Proyecto PC_Geek\Sistema\yii\framework\base\CComponent.php(612): eval()
#3 C:\Users\Felipe\Dropbox\Proyecto PC_Geek\Sistema\yii\framework\zii\widgets\grid\CDataColumn.php(137): CDataColumn->evaluateExpression()
#4 C:\Users\Felipe\Dropbox\Proyecto PC_Geek\Sistema\yii\framework\zii\widgets\grid\CGridColumn.php(151): CDataColumn->renderDataCellContent()
#5 C:\Users\Felipe\Dropbox\Proyecto PC_Geek\Sistema\yii\framework\zii\widgets\grid\CGridView.php(616): CDataColumn->renderDataCell()
#6 C:\Users\Felipe\Dropbox\Proyecto PC_Geek\Sistema\yii\framework\zii\widgets\grid\CGridView.php(572): CGridView->renderTableRow()
#7 C:\Users\Felipe\Dropbox\Proyecto PC_Geek\Sistema\yii\framework\zii\widgets\grid\CGridView.php(482): CGridView->renderTableBody()
#8 C:\Users\Felipe\Dropbox\Proyecto PC_Geek\Sistema\yii\framework\zii\widgets\CBaseListView.php(167): CGridView->renderItems()
#9 unknown(0): CGridView->renderSection()
#10 C:\Users\Felipe\Dropbox\Proyecto PC_Geek\Sistema\yii\framework\zii\widgets\CBaseListView.php(150): preg_replace_callback()
#11 C:\Users\Felipe\Dropbox\Proyecto PC_Geek\Sistema\yii\framework\zii\widgets\CBaseListView.php(135): CGridView->renderContent()
#12 C:\Users\Felipe\Dropbox\Proyecto PC_Geek\Sistema\yii\framework\web\CBaseController.php(173): CGridView->run()
#13 C:\Users\Felipe\Dropbox\Proyecto PC_Geek\Sistema\pcgeek\protected\views\incidentes\admin.php(100): IncidentesController->widget()
#14 C:\Users\Felipe\Dropbox\Proyecto PC_Geek\Sistema\yii\framework\web\CBaseController.php(126): require()
#15 C:\Users\Felipe\Dropbox\Proyecto PC_Geek\Sistema\yii\framework\web\CBaseController.php(95): IncidentesController->renderInternal()
#16 C:\Users\Felipe\Dropbox\Proyecto PC_Geek\Sistema\yii\framework\web\CController.php(869): IncidentesController->renderFile()
#17 C:\Users\Felipe\Dropbox\Proyecto PC_Geek\Sistema\yii\framework\web\CController.php(782): IncidentesController->renderPartial()
#18 C:\Users\Felipe\Dropbox\Proyecto PC_Geek\Sistema\pcgeek\protected\controllers\IncidentesController.php(176): IncidentesController->render()
#19 C:\Users\Felipe\Dropbox\Proyecto PC_Geek\Sistema\yii\framework\web\actions\CInlineAction.php(49): IncidentesController->actionAdmin()
#20 C:\Users\Felipe\Dropbox\Proyecto PC_Geek\Sistema\yii\framework\web\CController.php(308): CInlineAction->runWithParams()
#21 C:\Users\Felipe\Dropbox\Proyecto PC_Geek\Sistema\yii\framework\web\filters\CFilterChain.php(133): IncidentesController->runAction()
#22 C:\Users\Felipe\Dropbox\Proyecto PC_Geek\Sistema\yii\framework\web\filters\CFilter.php(40): CFilterChain->run()
#23 C:\Users\Felipe\Dropbox\Proyecto PC_Geek\Sistema\yii\framework\web\CController.php(1145): CAccessControlFilter->filter()
#24 C:\Users\Felipe\Dropbox\Proyecto PC_Geek\Sistema\yii\framework\web\filters\CInlineFilter.php(58): IncidentesController->filterAccessControl()
#25 C:\Users\Felipe\Dropbox\Proyecto PC_Geek\Sistema\yii\framework\web\filters\CFilterChain.php(130): CInlineFilter->filter()
#26 C:\Users\Felipe\Dropbox\Proyecto PC_Geek\Sistema\yii\framework\web\CController.php(291): CFilterChain->run()
#27 C:\Users\Felipe\Dropbox\Proyecto PC_Geek\Sistema\yii\framework\web\CController.php(265): IncidentesController->runActionWithFilters()
#28 C:\Users\Felipe\Dropbox\Proyecto PC_Geek\Sistema\yii\framework\web\CWebApplication.php(282): IncidentesController->run()
#29 C:\Users\Felipe\Dropbox\Proyecto PC_Geek\Sistema\yii\framework\web\CWebApplication.php(141): CWebApplication->runController()
#30 C:\Users\Felipe\Dropbox\Proyecto PC_Geek\Sistema\yii\framework\base\CApplication.php(180): CWebApplication->processRequest()
#31 C:\Users\Felipe\Dropbox\Proyecto PC_Geek\Sistema\pcgeek\index.php(13): CWebApplication->run()
REQUEST_URI=/pcgeek/index.php?r=incidentes/admin
in C:\Users\Felipe\Dropbox\Proyecto PC_Geek\Sistema\pcgeek\protected\views\incidentes\admin.php (100)
in C:\Users\Felipe\Dropbox\Proyecto PC_Geek\Sistema\pcgeek\protected\controllers\IncidentesController.php (176)
in C:\Users\Felipe\Dropbox\Proyecto PC_Geek\Sistema\pcgeek\index.php (13)
2016/02/26 15:23:07 [error] [php] Invalid argument supplied for foreach() (C:\Users\Felipe\Dropbox\Proyecto PC_Geek\Sistema\yii\framework\db\ar\CActiveFinder.php:466)
Stack trace:
#0 C:\Users\Felipe\Dropbox\Proyecto PC_Geek\Sistema\yii\framework\db\ar\CActiveRecord.php(143): ViewRegistro->getRelated()
#1 C:\Users\Felipe\Dropbox\Proyecto PC_Geek\Sistema\yii\framework\base\CComponent.php(612) : eval()'d code(1): ViewRegistro->__get()
#2 C:\Users\Felipe\Dropbox\Proyecto PC_Geek\Sistema\yii\framework\base\CComponent.php(612): eval()
#3 C:\Users\Felipe\Dropbox\Proyecto PC_Geek\Sistema\yii\framework\zii\widgets\grid\CDataColumn.php(137): CDataColumn->evaluateExpression()
#4 C:\Users\Felipe\Dropbox\Proyecto PC_Geek\Sistema\yii\framework\zii\widgets\grid\CGridColumn.php(151): CDataColumn->renderDataCellContent()
#5 C:\Users\Felipe\Dropbox\Proyecto PC_Geek\Sistema\yii\framework\zii\widgets\grid\CGridView.php(616): CDataColumn->renderDataCell()
#6 C:\Users\Felipe\Dropbox\Proyecto PC_Geek\Sistema\yii\framework\zii\widgets\grid\CGridView.php(572): CGridView->renderTableRow()
#7 C:\Users\Felipe\Dropbox\Proyecto PC_Geek\Sistema\yii\framework\zii\widgets\grid\CGridView.php(482): CGridView->renderTableBody()
#8 C:\Users\Felipe\Dropbox\Proyecto PC_Geek\Sistema\yii\framework\zii\widgets\CBaseListView.php(167): CGridView->renderItems()
#9 unknown(0): CGridView->renderSection()
#10 C:\Users\Felipe\Dropbox\Proyecto PC_Geek\Sistema\yii\framework\zii\widgets\CBaseListView.php(150): preg_replace_callback()
#11 C:\Users\Felipe\Dropbox\Proyecto PC_Geek\Sistema\yii\framework\zii\widgets\CBaseListView.php(135): CGridView->renderContent()
#12 C:\Users\Felipe\Dropbox\Proyecto PC_Geek\Sistema\yii\framework\web\CBaseController.php(173): CGridView->run()
#13 C:\Users\Felipe\Dropbox\Proyecto PC_Geek\Sistema\pcgeek\protected\views\incidentes\admin.php(100): IncidentesController->widget()
#14 C:\Users\Felipe\Dropbox\Proyecto PC_Geek\Sistema\yii\framework\web\CBaseController.php(126): require()
#15 C:\Users\Felipe\Dropbox\Proyecto PC_Geek\Sistema\yii\framework\web\CBaseController.php(95): IncidentesController->renderInternal()
#16 C:\Users\Felipe\Dropbox\Proyecto PC_Geek\Sistema\yii\framework\web\CController.php(869): IncidentesController->renderFile()
#17 C:\Users\Felipe\Dropbox\Proyecto PC_Geek\Sistema\yii\framework\web\CController.php(782): IncidentesController->renderPartial()
#18 C:\Users\Felipe\Dropbox\Proyecto PC_Geek\Sistema\pcgeek\protected\controllers\IncidentesController.php(176): IncidentesController->render()
#19 C:\Users\Felipe\Dropbox\Proyecto PC_Geek\Sistema\yii\framework\web\actions\CInlineAction.php(49): IncidentesController->actionAdmin()
#20 C:\Users\Felipe\Dropbox\Proyecto PC_Geek\Sistema\yii\framework\web\CController.php(308): CInlineAction->runWithParams()
#21 C:\Users\Felipe\Dropbox\Proyecto PC_Geek\Sistema\yii\framework\web\filters\CFilterChain.php(133): IncidentesController->runAction()
#22 C:\Users\Felipe\Dropbox\Proyecto PC_Geek\Sistema\yii\framework\web\filters\CFilter.php(40): CFilterChain->run()
#23 C:\Users\Felipe\Dropbox\Proyecto PC_Geek\Sistema\yii\framework\web\CController.php(1145): CAccessControlFilter->filter()
#24 C:\Users\Felipe\Dropbox\Proyecto PC_Geek\Sistema\yii\framework\web\filters\CInlineFilter.php(58): IncidentesController->filterAccessControl()
#25 C:\Users\Felipe\Dropbox\Proyecto PC_Geek\Sistema\yii\framework\web\filters\CFilterChain.php(130): CInlineFilter->filter()
#26 C:\Users\Felipe\Dropbox\Proyecto PC_Geek\Sistema\yii\framework\web\CController.php(291): CFilterChain->run()
#27 C:\Users\Felipe\Dropbox\Proyecto PC_Geek\Sistema\yii\framework\web\CController.php(265): IncidentesController->runActionWithFilters()
#28 C:\Users\Felipe\Dropbox\Proyecto PC_Geek\Sistema\yii\framework\web\CWebApplication.php(282): IncidentesController->run()
#29 C:\Users\Felipe\Dropbox\Proyecto PC_Geek\Sistema\yii\framework\web\CWebApplication.php(141): CWebApplication->runController()
#30 C:\Users\Felipe\Dropbox\Proyecto PC_Geek\Sistema\yii\framework\base\CApplication.php(180): CWebApplication->processRequest()
#31 C:\Users\Felipe\Dropbox\Proyecto PC_Geek\Sistema\pcgeek\index.php(13): CWebApplication->run()
REQUEST_URI=/pcgeek/index.php?r=incidentes/admin
in C:\Users\Felipe\Dropbox\Proyecto PC_Geek\Sistema\pcgeek\protected\views\incidentes\admin.php (100)
in C:\Users\Felipe\Dropbox\Proyecto PC_Geek\Sistema\pcgeek\protected\controllers\IncidentesController.php (176)
in C:\Users\Felipe\Dropbox\Proyecto PC_Geek\Sistema\pcgeek\index.php (13)
2016/02/26 15:23:32 [error] [php] Invalid argument supplied for foreach() (C:\Users\Felipe\Dropbox\Proyecto PC_Geek\Sistema\yii\framework\db\ar\CActiveFinder.php:466)
Stack trace:
#0 C:\Users\Felipe\Dropbox\Proyecto PC_Geek\Sistema\yii\framework\db\ar\CActiveRecord.php(143): ViewRegistro->getRelated()
#1 C:\Users\Felipe\Dropbox\Proyecto PC_Geek\Sistema\yii\framework\base\CComponent.php(612) : eval()'d code(1): ViewRegistro->__get()
#2 C:\Users\Felipe\Dropbox\Proyecto PC_Geek\Sistema\yii\framework\base\CComponent.php(612): eval()
#3 C:\Users\Felipe\Dropbox\Proyecto PC_Geek\Sistema\yii\framework\zii\widgets\grid\CDataColumn.php(137): CDataColumn->evaluateExpression()
#4 C:\Users\Felipe\Dropbox\Proyecto PC_Geek\Sistema\yii\framework\zii\widgets\grid\CGridColumn.php(151): CDataColumn->renderDataCellContent()
#5 C:\Users\Felipe\Dropbox\Proyecto PC_Geek\Sistema\yii\framework\zii\widgets\grid\CGridView.php(616): CDataColumn->renderDataCell()
#6 C:\Users\Felipe\Dropbox\Proyecto PC_Geek\Sistema\yii\framework\zii\widgets\grid\CGridView.php(572): CGridView->renderTableRow()
#7 C:\Users\Felipe\Dropbox\Proyecto PC_Geek\Sistema\yii\framework\zii\widgets\grid\CGridView.php(482): CGridView->renderTableBody()
#8 C:\Users\Felipe\Dropbox\Proyecto PC_Geek\Sistema\yii\framework\zii\widgets\CBaseListView.php(167): CGridView->renderItems()
#9 unknown(0): CGridView->renderSection()
#10 C:\Users\Felipe\Dropbox\Proyecto PC_Geek\Sistema\yii\framework\zii\widgets\CBaseListView.php(150): preg_replace_callback()
#11 C:\Users\Felipe\Dropbox\Proyecto PC_Geek\Sistema\yii\framework\zii\widgets\CBaseListView.php(135): CGridView->renderContent()
#12 C:\Users\Felipe\Dropbox\Proyecto PC_Geek\Sistema\yii\framework\web\CBaseController.php(173): CGridView->run()
#13 C:\Users\Felipe\Dropbox\Proyecto PC_Geek\Sistema\pcgeek\protected\views\incidentes\admin.php(100): IncidentesController->widget()
#14 C:\Users\Felipe\Dropbox\Proyecto PC_Geek\Sistema\yii\framework\web\CBaseController.php(126): require()
#15 C:\Users\Felipe\Dropbox\Proyecto PC_Geek\Sistema\yii\framework\web\CBaseController.php(95): IncidentesController->renderInternal()
#16 C:\Users\Felipe\Dropbox\Proyecto PC_Geek\Sistema\yii\framework\web\CController.php(869): IncidentesController->renderFile()
#17 C:\Users\Felipe\Dropbox\Proyecto PC_Geek\Sistema\yii\framework\web\CController.php(782): IncidentesController->renderPartial()
#18 C:\Users\Felipe\Dropbox\Proyecto PC_Geek\Sistema\pcgeek\protected\controllers\IncidentesController.php(176): IncidentesController->render()
#19 C:\Users\Felipe\Dropbox\Proyecto PC_Geek\Sistema\yii\framework\web\actions\CInlineAction.php(49): IncidentesController->actionAdmin()
#20 C:\Users\Felipe\Dropbox\Proyecto PC_Geek\Sistema\yii\framework\web\CController.php(308): CInlineAction->runWithParams()
#21 C:\Users\Felipe\Dropbox\Proyecto PC_Geek\Sistema\yii\framework\web\filters\CFilterChain.php(133): IncidentesController->runAction()
#22 C:\Users\Felipe\Dropbox\Proyecto PC_Geek\Sistema\yii\framework\web\filters\CFilter.php(40): CFilterChain->run()
#23 C:\Users\Felipe\Dropbox\Proyecto PC_Geek\Sistema\yii\framework\web\CController.php(1145): CAccessControlFilter->filter()
#24 C:\Users\Felipe\Dropbox\Proyecto PC_Geek\Sistema\yii\framework\web\filters\CInlineFilter.php(58): IncidentesController->filterAccessControl()
#25 C:\Users\Felipe\Dropbox\Proyecto PC_Geek\Sistema\yii\framework\web\filters\CFilterChain.php(130): CInlineFilter->filter()
#26 C:\Users\Felipe\Dropbox\Proyecto PC_Geek\Sistema\yii\framework\web\CController.php(291): CFilterChain->run()
#27 C:\Users\Felipe\Dropbox\Proyecto PC_Geek\Sistema\yii\framework\web\CController.php(265): IncidentesController->runActionWithFilters()
#28 C:\Users\Felipe\Dropbox\Proyecto PC_Geek\Sistema\yii\framework\web\CWebApplication.php(282): IncidentesController->run()
#29 C:\Users\Felipe\Dropbox\Proyecto PC_Geek\Sistema\yii\framework\web\CWebApplication.php(141): CWebApplication->runController()
#30 C:\Users\Felipe\Dropbox\Proyecto PC_Geek\Sistema\yii\framework\base\CApplication.php(180): CWebApplication->processRequest()
#31 C:\Users\Felipe\Dropbox\Proyecto PC_Geek\Sistema\pcgeek\index.php(13): CWebApplication->run()
REQUEST_URI=/pcgeek/index.php?r=incidentes/admin
in C:\Users\Felipe\Dropbox\Proyecto PC_Geek\Sistema\pcgeek\protected\views\incidentes\admin.php (100)
in C:\Users\Felipe\Dropbox\Proyecto PC_Geek\Sistema\pcgeek\protected\controllers\IncidentesController.php (176)
in C:\Users\Felipe\Dropbox\Proyecto PC_Geek\Sistema\pcgeek\index.php (13)
2016/02/26 15:24:54 [error] [php] Invalid argument supplied for foreach() (C:\Users\Felipe\Dropbox\Proyecto PC_Geek\Sistema\yii\framework\db\ar\CActiveFinder.php:466)
Stack trace:
#0 C:\Users\Felipe\Dropbox\Proyecto PC_Geek\Sistema\yii\framework\db\ar\CActiveRecord.php(143): ViewRegistro->getRelated()
#1 C:\Users\Felipe\Dropbox\Proyecto PC_Geek\Sistema\yii\framework\base\CComponent.php(612) : eval()'d code(1): ViewRegistro->__get()
#2 C:\Users\Felipe\Dropbox\Proyecto PC_Geek\Sistema\yii\framework\base\CComponent.php(612): eval()
#3 C:\Users\Felipe\Dropbox\Proyecto PC_Geek\Sistema\yii\framework\zii\widgets\grid\CDataColumn.php(137): CDataColumn->evaluateExpression()
#4 C:\Users\Felipe\Dropbox\Proyecto PC_Geek\Sistema\yii\framework\zii\widgets\grid\CGridColumn.php(151): CDataColumn->renderDataCellContent()
#5 C:\Users\Felipe\Dropbox\Proyecto PC_Geek\Sistema\yii\framework\zii\widgets\grid\CGridView.php(616): CDataColumn->renderDataCell()
#6 C:\Users\Felipe\Dropbox\Proyecto PC_Geek\Sistema\yii\framework\zii\widgets\grid\CGridView.php(572): CGridView->renderTableRow()
#7 C:\Users\Felipe\Dropbox\Proyecto PC_Geek\Sistema\yii\framework\zii\widgets\grid\CGridView.php(482): CGridView->renderTableBody()
#8 C:\Users\Felipe\Dropbox\Proyecto PC_Geek\Sistema\yii\framework\zii\widgets\CBaseListView.php(167): CGridView->renderItems()
#9 unknown(0): CGridView->renderSection()
#10 C:\Users\Felipe\Dropbox\Proyecto PC_Geek\Sistema\yii\framework\zii\widgets\CBaseListView.php(150): preg_replace_callback()
#11 C:\Users\Felipe\Dropbox\Proyecto PC_Geek\Sistema\yii\framework\zii\widgets\CBaseListView.php(135): CGridView->renderContent()
#12 C:\Users\Felipe\Dropbox\Proyecto PC_Geek\Sistema\yii\framework\web\CBaseController.php(173): CGridView->run()
#13 C:\Users\Felipe\Dropbox\Proyecto PC_Geek\Sistema\pcgeek\protected\views\incidentes\admin.php(100): IncidentesController->widget()
#14 C:\Users\Felipe\Dropbox\Proyecto PC_Geek\Sistema\yii\framework\web\CBaseController.php(126): require()
#15 C:\Users\Felipe\Dropbox\Proyecto PC_Geek\Sistema\yii\framework\web\CBaseController.php(95): IncidentesController->renderInternal()
#16 C:\Users\Felipe\Dropbox\Proyecto PC_Geek\Sistema\yii\framework\web\CController.php(869): IncidentesController->renderFile()
#17 C:\Users\Felipe\Dropbox\Proyecto PC_Geek\Sistema\yii\framework\web\CController.php(782): IncidentesController->renderPartial()
#18 C:\Users\Felipe\Dropbox\Proyecto PC_Geek\Sistema\pcgeek\protected\controllers\IncidentesController.php(176): IncidentesController->render()
#19 C:\Users\Felipe\Dropbox\Proyecto PC_Geek\Sistema\yii\framework\web\actions\CInlineAction.php(49): IncidentesController->actionAdmin()
#20 C:\Users\Felipe\Dropbox\Proyecto PC_Geek\Sistema\yii\framework\web\CController.php(308): CInlineAction->runWithParams()
#21 C:\Users\Felipe\Dropbox\Proyecto PC_Geek\Sistema\yii\framework\web\filters\CFilterChain.php(133): IncidentesController->runAction()
#22 C:\Users\Felipe\Dropbox\Proyecto PC_Geek\Sistema\yii\framework\web\filters\CFilter.php(40): CFilterChain->run()
#23 C:\Users\Felipe\Dropbox\Proyecto PC_Geek\Sistema\yii\framework\web\CController.php(1145): CAccessControlFilter->filter()
#24 C:\Users\Felipe\Dropbox\Proyecto PC_Geek\Sistema\yii\framework\web\filters\CInlineFilter.php(58): IncidentesController->filterAccessControl()
#25 C:\Users\Felipe\Dropbox\Proyecto PC_Geek\Sistema\yii\framework\web\filters\CFilterChain.php(130): CInlineFilter->filter()
#26 C:\Users\Felipe\Dropbox\Proyecto PC_Geek\Sistema\yii\framework\web\CController.php(291): CFilterChain->run()
#27 C:\Users\Felipe\Dropbox\Proyecto PC_Geek\Sistema\yii\framework\web\CController.php(265): IncidentesController->runActionWithFilters()
#28 C:\Users\Felipe\Dropbox\Proyecto PC_Geek\Sistema\yii\framework\web\CWebApplication.php(282): IncidentesController->run()
#29 C:\Users\Felipe\Dropbox\Proyecto PC_Geek\Sistema\yii\framework\web\CWebApplication.php(141): CWebApplication->runController()
#30 C:\Users\Felipe\Dropbox\Proyecto PC_Geek\Sistema\yii\framework\base\CApplication.php(180): CWebApplication->processRequest()
#31 C:\Users\Felipe\Dropbox\Proyecto PC_Geek\Sistema\pcgeek\index.php(13): CWebApplication->run()
REQUEST_URI=/pcgeek/index.php?r=incidentes/admin
in C:\Users\Felipe\Dropbox\Proyecto PC_Geek\Sistema\pcgeek\protected\views\incidentes\admin.php (100)
in C:\Users\Felipe\Dropbox\Proyecto PC_Geek\Sistema\pcgeek\protected\controllers\IncidentesController.php (176)
in C:\Users\Felipe\Dropbox\Proyecto PC_Geek\Sistema\pcgeek\index.php (13)
2016/02/26 15:24:58 [error] [php] Invalid argument supplied for foreach() (C:\Users\Felipe\Dropbox\Proyecto PC_Geek\Sistema\yii\framework\db\ar\CActiveFinder.php:466)
Stack trace:
#0 C:\Users\Felipe\Dropbox\Proyecto PC_Geek\Sistema\yii\framework\db\ar\CActiveRecord.php(143): ViewRegistro->getRelated()
#1 C:\Users\Felipe\Dropbox\Proyecto PC_Geek\Sistema\yii\framework\base\CComponent.php(612) : eval()'d code(1): ViewRegistro->__get()
#2 C:\Users\Felipe\Dropbox\Proyecto PC_Geek\Sistema\yii\framework\base\CComponent.php(612): eval()
#3 C:\Users\Felipe\Dropbox\Proyecto PC_Geek\Sistema\yii\framework\zii\widgets\grid\CDataColumn.php(137): CDataColumn->evaluateExpression()
#4 C:\Users\Felipe\Dropbox\Proyecto PC_Geek\Sistema\yii\framework\zii\widgets\grid\CGridColumn.php(151): CDataColumn->renderDataCellContent()
#5 C:\Users\Felipe\Dropbox\Proyecto PC_Geek\Sistema\yii\framework\zii\widgets\grid\CGridView.php(616): CDataColumn->renderDataCell()
#6 C:\Users\Felipe\Dropbox\Proyecto PC_Geek\Sistema\yii\framework\zii\widgets\grid\CGridView.php(572): CGridView->renderTableRow()
#7 C:\Users\Felipe\Dropbox\Proyecto PC_Geek\Sistema\yii\framework\zii\widgets\grid\CGridView.php(482): CGridView->renderTableBody()
#8 C:\Users\Felipe\Dropbox\Proyecto PC_Geek\Sistema\yii\framework\zii\widgets\CBaseListView.php(167): CGridView->renderItems()
#9 unknown(0): CGridView->renderSection()
#10 C:\Users\Felipe\Dropbox\Proyecto PC_Geek\Sistema\yii\framework\zii\widgets\CBaseListView.php(150): preg_replace_callback()
#11 C:\Users\Felipe\Dropbox\Proyecto PC_Geek\Sistema\yii\framework\zii\widgets\CBaseListView.php(135): CGridView->renderContent()
#12 C:\Users\Felipe\Dropbox\Proyecto PC_Geek\Sistema\yii\framework\web\CBaseController.php(173): CGridView->run()
#13 C:\Users\Felipe\Dropbox\Proyecto PC_Geek\Sistema\pcgeek\protected\views\incidentes\admin.php(100): IncidentesController->widget()
#14 C:\Users\Felipe\Dropbox\Proyecto PC_Geek\Sistema\yii\framework\web\CBaseController.php(126): require()
#15 C:\Users\Felipe\Dropbox\Proyecto PC_Geek\Sistema\yii\framework\web\CBaseController.php(95): IncidentesController->renderInternal()
#16 C:\Users\Felipe\Dropbox\Proyecto PC_Geek\Sistema\yii\framework\web\CController.php(869): IncidentesController->renderFile()
#17 C:\Users\Felipe\Dropbox\Proyecto PC_Geek\Sistema\yii\framework\web\CController.php(782): IncidentesController->renderPartial()
#18 C:\Users\Felipe\Dropbox\Proyecto PC_Geek\Sistema\pcgeek\protected\controllers\IncidentesController.php(176): IncidentesController->render()
#19 C:\Users\Felipe\Dropbox\Proyecto PC_Geek\Sistema\yii\framework\web\actions\CInlineAction.php(49): IncidentesController->actionAdmin()
#20 C:\Users\Felipe\Dropbox\Proyecto PC_Geek\Sistema\yii\framework\web\CController.php(308): CInlineAction->runWithParams()
#21 C:\Users\Felipe\Dropbox\Proyecto PC_Geek\Sistema\yii\framework\web\filters\CFilterChain.php(133): IncidentesController->runAction()
#22 C:\Users\Felipe\Dropbox\Proyecto PC_Geek\Sistema\yii\framework\web\filters\CFilter.php(40): CFilterChain->run()
#23 C:\Users\Felipe\Dropbox\Proyecto PC_Geek\Sistema\yii\framework\web\CController.php(1145): CAccessControlFilter->filter()
#24 C:\Users\Felipe\Dropbox\Proyecto PC_Geek\Sistema\yii\framework\web\filters\CInlineFilter.php(58): IncidentesController->filterAccessControl()
#25 C:\Users\Felipe\Dropbox\Proyecto PC_Geek\Sistema\yii\framework\web\filters\CFilterChain.php(130): CInlineFilter->filter()
#26 C:\Users\Felipe\Dropbox\Proyecto PC_Geek\Sistema\yii\framework\web\CController.php(291): CFilterChain->run()
#27 C:\Users\Felipe\Dropbox\Proyecto PC_Geek\Sistema\yii\framework\web\CController.php(265): IncidentesController->runActionWithFilters()
#28 C:\Users\Felipe\Dropbox\Proyecto PC_Geek\Sistema\yii\framework\web\CWebApplication.php(282): IncidentesController->run()
#29 C:\Users\Felipe\Dropbox\Proyecto PC_Geek\Sistema\yii\framework\web\CWebApplication.php(141): CWebApplication->runController()
#30 C:\Users\Felipe\Dropbox\Proyecto PC_Geek\Sistema\yii\framework\base\CApplication.php(180): CWebApplication->processRequest()
#31 C:\Users\Felipe\Dropbox\Proyecto PC_Geek\Sistema\pcgeek\index.php(13): CWebApplication->run()
REQUEST_URI=/pcgeek/index.php?r=incidentes/admin
in C:\Users\Felipe\Dropbox\Proyecto PC_Geek\Sistema\pcgeek\protected\views\incidentes\admin.php (100)
in C:\Users\Felipe\Dropbox\Proyecto PC_Geek\Sistema\pcgeek\protected\controllers\IncidentesController.php (176)
in C:\Users\Felipe\Dropbox\Proyecto PC_Geek\Sistema\pcgeek\index.php (13)
2016/02/26 15:25:26 [error] [php] Invalid argument supplied for foreach() (C:\Users\Felipe\Dropbox\Proyecto PC_Geek\Sistema\yii\framework\db\ar\CActiveFinder.php:466)
Stack trace:
#0 C:\Users\Felipe\Dropbox\Proyecto PC_Geek\Sistema\yii\framework\db\ar\CActiveRecord.php(143): ViewRegistro->getRelated()
#1 C:\Users\Felipe\Dropbox\Proyecto PC_Geek\Sistema\yii\framework\base\CComponent.php(612) : eval()'d code(1): ViewRegistro->__get()
#2 C:\Users\Felipe\Dropbox\Proyecto PC_Geek\Sistema\yii\framework\base\CComponent.php(612): eval()
#3 C:\Users\Felipe\Dropbox\Proyecto PC_Geek\Sistema\yii\framework\zii\widgets\grid\CDataColumn.php(137): CDataColumn->evaluateExpression()
#4 C:\Users\Felipe\Dropbox\Proyecto PC_Geek\Sistema\yii\framework\zii\widgets\grid\CGridColumn.php(151): CDataColumn->renderDataCellContent()
#5 C:\Users\Felipe\Dropbox\Proyecto PC_Geek\Sistema\yii\framework\zii\widgets\grid\CGridView.php(616): CDataColumn->renderDataCell()
#6 C:\Users\Felipe\Dropbox\Proyecto PC_Geek\Sistema\yii\framework\zii\widgets\grid\CGridView.php(572): CGridView->renderTableRow()
#7 C:\Users\Felipe\Dropbox\Proyecto PC_Geek\Sistema\yii\framework\zii\widgets\grid\CGridView.php(482): CGridView->renderTableBody()
#8 C:\Users\Felipe\Dropbox\Proyecto PC_Geek\Sistema\yii\framework\zii\widgets\CBaseListView.php(167): CGridView->renderItems()
#9 unknown(0): CGridView->renderSection()
#10 C:\Users\Felipe\Dropbox\Proyecto PC_Geek\Sistema\yii\framework\zii\widgets\CBaseListView.php(150): preg_replace_callback()
#11 C:\Users\Felipe\Dropbox\Proyecto PC_Geek\Sistema\yii\framework\zii\widgets\CBaseListView.php(135): CGridView->renderContent()
#12 C:\Users\Felipe\Dropbox\Proyecto PC_Geek\Sistema\yii\framework\web\CBaseController.php(173): CGridView->run()
#13 C:\Users\Felipe\Dropbox\Proyecto PC_Geek\Sistema\pcgeek\protected\views\incidentes\admin.php(100): IncidentesController->widget()
#14 C:\Users\Felipe\Dropbox\Proyecto PC_Geek\Sistema\yii\framework\web\CBaseController.php(126): require()
#15 C:\Users\Felipe\Dropbox\Proyecto PC_Geek\Sistema\yii\framework\web\CBaseController.php(95): IncidentesController->renderInternal()
#16 C:\Users\Felipe\Dropbox\Proyecto PC_Geek\Sistema\yii\framework\web\CController.php(869): IncidentesController->renderFile()
#17 C:\Users\Felipe\Dropbox\Proyecto PC_Geek\Sistema\yii\framework\web\CController.php(782): IncidentesController->renderPartial()
#18 C:\Users\Felipe\Dropbox\Proyecto PC_Geek\Sistema\pcgeek\protected\controllers\IncidentesController.php(176): IncidentesController->render()
#19 C:\Users\Felipe\Dropbox\Proyecto PC_Geek\Sistema\yii\framework\web\actions\CInlineAction.php(49): IncidentesController->actionAdmin()
#20 C:\Users\Felipe\Dropbox\Proyecto PC_Geek\Sistema\yii\framework\web\CController.php(308): CInlineAction->runWithParams()
#21 C:\Users\Felipe\Dropbox\Proyecto PC_Geek\Sistema\yii\framework\web\filters\CFilterChain.php(133): IncidentesController->runAction()
#22 C:\Users\Felipe\Dropbox\Proyecto PC_Geek\Sistema\yii\framework\web\filters\CFilter.php(40): CFilterChain->run()
#23 C:\Users\Felipe\Dropbox\Proyecto PC_Geek\Sistema\yii\framework\web\CController.php(1145): CAccessControlFilter->filter()
#24 C:\Users\Felipe\Dropbox\Proyecto PC_Geek\Sistema\yii\framework\web\filters\CInlineFilter.php(58): IncidentesController->filterAccessControl()
#25 C:\Users\Felipe\Dropbox\Proyecto PC_Geek\Sistema\yii\framework\web\filters\CFilterChain.php(130): CInlineFilter->filter()
#26 C:\Users\Felipe\Dropbox\Proyecto PC_Geek\Sistema\yii\framework\web\CController.php(291): CFilterChain->run()
#27 C:\Users\Felipe\Dropbox\Proyecto PC_Geek\Sistema\yii\framework\web\CController.php(265): IncidentesController->runActionWithFilters()
#28 C:\Users\Felipe\Dropbox\Proyecto PC_Geek\Sistema\yii\framework\web\CWebApplication.php(282): IncidentesController->run()
#29 C:\Users\Felipe\Dropbox\Proyecto PC_Geek\Sistema\yii\framework\web\CWebApplication.php(141): CWebApplication->runController()
#30 C:\Users\Felipe\Dropbox\Proyecto PC_Geek\Sistema\yii\framework\base\CApplication.php(180): CWebApplication->processRequest()
#31 C:\Users\Felipe\Dropbox\Proyecto PC_Geek\Sistema\pcgeek\index.php(13): CWebApplication->run()
REQUEST_URI=/pcgeek/index.php?r=incidentes/admin
in C:\Users\Felipe\Dropbox\Proyecto PC_Geek\Sistema\pcgeek\protected\views\incidentes\admin.php (100)
in C:\Users\Felipe\Dropbox\Proyecto PC_Geek\Sistema\pcgeek\protected\controllers\IncidentesController.php (176)
in C:\Users\Felipe\Dropbox\Proyecto PC_Geek\Sistema\pcgeek\index.php (13)
2016/02/26 16:22:24 [error] [exception.CException] exception 'CException' with message 'Property "Incidentes.ID_CANALCAMARAS" is not defined.' in C:\Users\Felipe\Dropbox\Proyecto PC_Geek\Sistema\yii\framework\base\CComponent.php:130
Stack trace:
#0 C:\Users\Felipe\Dropbox\Proyecto PC_Geek\Sistema\yii\framework\db\ar\CActiveRecord.php(145): CComponent->__get('ID_CANALCAMARAS')
#1 C:\Users\Felipe\Dropbox\Proyecto PC_Geek\Sistema\pcgeek\protected\views\incidentes\_form.php(39): CActiveRecord->__get('ID_CANALCAMARAS')
#2 C:\Users\Felipe\Dropbox\Proyecto PC_Geek\Sistema\yii\framework\web\CBaseController.php(126): require('C:\\Users\\Felipe...')
#3 C:\Users\Felipe\Dropbox\Proyecto PC_Geek\Sistema\yii\framework\web\CBaseController.php(95): CBaseController->renderInternal('C:\\Users\\Felipe...', Array, true)
#4 C:\Users\Felipe\Dropbox\Proyecto PC_Geek\Sistema\yii\framework\web\CController.php(869): CBaseController->renderFile('C:\\Users\\Felipe...', Array, true)
#5 C:\Users\Felipe\Dropbox\Proyecto PC_Geek\Sistema\pcgeek\protected\views\incidentes\create.php(18): CController->renderPartial('_form', Array)
#6 C:\Users\Felipe\Dropbox\Proyecto PC_Geek\Sistema\yii\framework\web\CBaseController.php(126): require('C:\\Users\\Felipe...')
#7 C:\Users\Felipe\Dropbox\Proyecto PC_Geek\Sistema\yii\framework\web\CBaseController.php(95): CBaseController->renderInternal('C:\\Users\\Felipe...', Array, true)
#8 C:\Users\Felipe\Dropbox\Proyecto PC_Geek\Sistema\yii\framework\web\CController.php(869): CBaseController->renderFile('C:\\Users\\Felipe...', Array, true)
#9 C:\Users\Felipe\Dropbox\Proyecto PC_Geek\Sistema\yii\framework\web\CController.php(782): CController->renderPartial('create', Array, true)
#10 C:\Users\Felipe\Dropbox\Proyecto PC_Geek\Sistema\pcgeek\protected\controllers\IncidentesController.php(94): CController->render('create', Array)
#11 C:\Users\Felipe\Dropbox\Proyecto PC_Geek\Sistema\yii\framework\web\actions\CInlineAction.php(49): IncidentesController->actionCreate()
#12 C:\Users\Felipe\Dropbox\Proyecto PC_Geek\Sistema\yii\framework\web\CController.php(308): CInlineAction->runWithParams(Array)
#13 C:\Users\Felipe\Dropbox\Proyecto PC_Geek\Sistema\yii\framework\web\filters\CFilterChain.php(133): CController->runAction(Object(CInlineAction))
#14 C:\Users\Felipe\Dropbox\Proyecto PC_Geek\Sistema\yii\framework\web\filters\CFilter.php(40): CFilterChain->run()
#15 C:\Users\Felipe\Dropbox\Proyecto PC_Geek\Sistema\yii\framework\web\CController.php(1145): CFilter->filter(Object(CFilterChain))
#16 C:\Users\Felipe\Dropbox\Proyecto PC_Geek\Sistema\yii\framework\web\filters\CInlineFilter.php(58): CController->filterAccessControl(Object(CFilterChain))
#17 C:\Users\Felipe\Dropbox\Proyecto PC_Geek\Sistema\yii\framework\web\filters\CFilterChain.php(130): CInlineFilter->filter(Object(CFilterChain))
#18 C:\Users\Felipe\Dropbox\Proyecto PC_Geek\Sistema\yii\framework\web\CController.php(291): CFilterChain->run()
#19 C:\Users\Felipe\Dropbox\Proyecto PC_Geek\Sistema\yii\framework\web\CController.php(265): CController->runActionWithFilters(Object(CInlineAction), Array)
#20 C:\Users\Felipe\Dropbox\Proyecto PC_Geek\Sistema\yii\framework\web\CWebApplication.php(282): CController->run('create')
#21 C:\Users\Felipe\Dropbox\Proyecto PC_Geek\Sistema\yii\framework\web\CWebApplication.php(141): CWebApplication->runController('incidentes/crea...')
#22 C:\Users\Felipe\Dropbox\Proyecto PC_Geek\Sistema\yii\framework\base\CApplication.php(180): CWebApplication->processRequest()
#23 C:\Users\Felipe\Dropbox\Proyecto PC_Geek\Sistema\pcgeek\index.php(13): CApplication->run()
#24 {main}
REQUEST_URI=/pcgeek/index.php?r=incidentes/create
HTTP_REFERER=http://localhost/pcgeek/index.php?r=incidentes/admin
---
2016/02/26 20:57:24 [warning] [application] Failed to set unsafe attribute "image" of "Incidentes".
in C:\Users\Felipe\Dropbox\Proyecto PC_Geek\Sistema\pcgeek\protected\controllers\IncidentesController.php (67)
in C:\Users\Felipe\Dropbox\Proyecto PC_Geek\Sistema\pcgeek\index.php (13)
2016/02/26 21:00:12 [warning] [application] Failed to set unsafe attribute "image" of "Incidentes".
in C:\Users\Felipe\Dropbox\Proyecto PC_Geek\Sistema\pcgeek\protected\controllers\IncidentesController.php (67)
in C:\Users\Felipe\Dropbox\Proyecto PC_Geek\Sistema\pcgeek\index.php (13)
2016/02/26 21:10:16 [warning] [application] Failed to set unsafe attribute "image" of "Incidentes".
in C:\Users\Felipe\Dropbox\Proyecto PC_Geek\Sistema\pcgeek\protected\controllers\IncidentesController.php (67)
in C:\Users\Felipe\Dropbox\Proyecto PC_Geek\Sistema\pcgeek\index.php (13)
2016/02/26 21:10:37 [warning] [application] Failed to set unsafe attribute "image" of "Incidentes".
in C:\Users\Felipe\Dropbox\Proyecto PC_Geek\Sistema\pcgeek\protected\controllers\IncidentesController.php (67)
in C:\Users\Felipe\Dropbox\Proyecto PC_Geek\Sistema\pcgeek\index.php (13)
2016/02/26 21:16:14 [warning] [application] Failed to set unsafe attribute "image" of "Incidentes".
in C:\Users\Felipe\Dropbox\Proyecto PC_Geek\Sistema\pcgeek\protected\controllers\IncidentesController.php (67)
in C:\Users\Felipe\Dropbox\Proyecto PC_Geek\Sistema\pcgeek\index.php (13)
2016/02/26 21:23:07 [warning] [application] Failed to set unsafe attribute "image" of "Incidentes".
in C:\Users\Felipe\Dropbox\Proyecto PC_Geek\Sistema\pcgeek\protected\controllers\IncidentesController.php (67)
in C:\Users\Felipe\Dropbox\Proyecto PC_Geek\Sistema\pcgeek\index.php (13)
2016/02/26 21:37:09 [warning] [application] Failed to set unsafe attribute "image" of "Incidentes".
in C:\Users\Felipe\Dropbox\Proyecto PC_Geek\Sistema\pcgeek\protected\controllers\IncidentesController.php (67)
in C:\Users\Felipe\Dropbox\Proyecto PC_Geek\Sistema\pcgeek\index.php (13)
